app/build/intermediates/manifest_merge_blame_file/debug/processDebugMainManifest/manifest-merger-blame-debug-report.txt
1<?xml version="1.0" encoding="utf-8"?>
2<!--
3    Copyright 2019 Google Inc. All Rights Reserved.
4
5     Licensed under the Apache License, Version 2.0 (the "License");
6     you may not use this file except in compliance with the License.
7     You may obtain a copy of the License at
8
9         http://www.apache.org/licenses/LICENSE-2.0
10
11     Unless required by applicable law or agreed to in writing, software
12     distributed under the License is distributed on an "AS IS" BASIS,
13     WITHOUT WARRANTIES OR CONDITIONS OF ANY KIND, either express or implied.
14     See the License for the specific language governing permissions and
15     limitations under the License.
16-->
17<!--
18 The "package" attribute is rewritten by the Gradle build with the value of applicationId.
19     It is still required here, as it is used to derive paths, for instance when referring
20     to an Activity by ".MyActivity" instead of the full name. If more Activities are added to the
21     application, the package attribute will need to reflect the correct path in order to use
22     the abbreviated format.
23-->
24<manifest xmlns:android="http://schemas.android.com/apk/res/android"
25    package="com.informaticsetech.visitdesk.twa"
26    android:versionCode="12"
27    android:versionName="12" >
28
29    <uses-sdk
30        android:minSdkVersion="21"
31        android:targetSdkVersion="35" />
32
33    <uses-permission android:name="android.permission.POST_NOTIFICATIONS" />
33-->src\main\AndroidManifest.xml:26:9-80
33-->src\main\AndroidManifest.xml:26:26-78
34
35    <queries>
35-->[com.google.androidbrowserhelper:androidbrowserhelper:2.6.2] AndroidManifest.xml:22:5-30:15
36        <intent>
36-->[com.google.androidbrowserhelper:androidbrowserhelper:2.6.2] AndroidManifest.xml:23:9-29:18
37            <action android:name="android.intent.action.VIEW" />
37-->src\main\AndroidManifest.xml:139:17-68
37-->src\main\AndroidManifest.xml:139:25-66
38
39            <category android:name="android.intent.category.BROWSABLE" />
39-->src\main\AndroidManifest.xml:141:17-77
39-->src\main\AndroidManifest.xml:141:27-75
40
41            <data android:scheme="https" />
41-->src\main\AndroidManifest.xml:142:17-145:19
41-->src\main\AndroidManifest.xml:142:23-45
42        </intent>
43    </queries>
44
45    <permission
45-->[androidx.core:core:1.13.0] AndroidManifest.xml:22:5-24:47
46        android:name="com.informaticsetech.visitdesk.twa.DYNAMIC_RECEIVER_NOT_EXPORTED_PERMISSION"
46-->[androidx.core:core:1.13.0] AndroidManifest.xml:23:9-81
47        android:protectionLevel="signature" />
47-->[androidx.core:core:1.13.0] AndroidManifest.xml:24:9-44
48
49    <uses-permission android:name="com.informaticsetech.visitdesk.twa.DYNAMIC_RECEIVER_NOT_EXPORTED_PERMISSION" />
49-->[androidx.core:core:1.13.0] AndroidManifest.xml:26:5-97
49-->[androidx.core:core:1.13.0] AndroidManifest.xml:26:22-94
50
51    <application
51-->src\main\AndroidManifest.xml:35:5-190:19
52        android:name="com.informaticsetech.visitdesk.twa.Application"
52-->src\main\AndroidManifest.xml:36:9-35
53        android:allowBackup="true"
53-->src\main\AndroidManifest.xml:37:9-35
54        android:appComponentFactory="androidx.core.app.CoreComponentFactory"
54-->[androidx.core:core:1.13.0] AndroidManifest.xml:28:18-86
55        android:debuggable="true"
56        android:extractNativeLibs="true"
57        android:icon="@mipmap/ic_launcher"
57-->src\main\AndroidManifest.xml:38:9-43
58        android:label="@string/appName"
58-->src\main\AndroidManifest.xml:39:9-40
59        android:manageSpaceActivity="com.google.androidbrowserhelper.trusted.ManageDataLauncherActivity"
59-->src\main\AndroidManifest.xml:41:9-105
60        android:supportsRtl="true"
60-->src\main\AndroidManifest.xml:43:9-35
61        android:theme="@android:style/Theme.Translucent.NoTitleBar" >
61-->src\main\AndroidManifest.xml:44:9-68
62        <meta-data
62-->src\main\AndroidManifest.xml:46:9-48:58
63            android:name="asset_statements"
63-->src\main\AndroidManifest.xml:47:13-44
64            android:resource="@string/assetStatements" />
64-->src\main\AndroidManifest.xml:48:13-55
65        <meta-data
65-->src\main\AndroidManifest.xml:51:13-53:58
66            android:name="web_manifest_url"
66-->src\main\AndroidManifest.xml:52:17-48
67            android:value="@string/webManifestUrl" />
67-->src\main\AndroidManifest.xml:53:17-55
68        <meta-data
68-->src\main\AndroidManifest.xml:56:9-58:52
69            android:name="twa_generator"
69-->src\main\AndroidManifest.xml:57:13-41
70            android:value="@string/generatorApp" />
70-->src\main\AndroidManifest.xml:58:13-49
71
72        <activity android:name="com.google.androidbrowserhelper.trusted.ManageDataLauncherActivity" >
72-->src\main\AndroidManifest.xml:65:13-69:24
72-->src\main\AndroidManifest.xml:65:23-104
73            <meta-data
73-->src\main\AndroidManifest.xml:66:13-68:53
74                android:name="android.support.customtabs.trusted.MANAGE_SPACE_URL"
74-->src\main\AndroidManifest.xml:67:17-83
75                android:value="@string/launchUrl" />
75-->src\main\AndroidManifest.xml:68:17-50
76        </activity>
77        <activity
77-->src\main\AndroidManifest.xml:72:9-151:20
78            android:name="com.informaticsetech.visitdesk.twa.LauncherActivity"
78-->src\main\AndroidManifest.xml:72:19-50
79            android:alwaysRetainTaskState="true"
79-->src\main\AndroidManifest.xml:73:13-49
80            android:exported="true"
80-->src\main\AndroidManifest.xml:75:13-36
81            android:label="@string/launcherName" >
81-->src\main\AndroidManifest.xml:74:13-49
82            <meta-data
82-->src\main\AndroidManifest.xml:76:13-77:53
83                android:name="android.support.customtabs.trusted.DEFAULT_URL"
83-->src\main\AndroidManifest.xml:76:24-85
84                android:value="@string/launchUrl" />
84-->src\main\AndroidManifest.xml:77:17-50
85            <meta-data
85-->src\main\AndroidManifest.xml:79:13-81:58
86                android:name="android.support.customtabs.trusted.STATUS_BAR_COLOR"
86-->src\main\AndroidManifest.xml:80:17-83
87                android:resource="@color/colorPrimary" />
87-->src\main\AndroidManifest.xml:81:17-55
88            <meta-data
88-->src\main\AndroidManifest.xml:85:13-87:62
89                android:name="android.support.customtabs.trusted.STATUS_BAR_COLOR_DARK"
89-->src\main\AndroidManifest.xml:86:17-88
90                android:resource="@color/colorPrimaryDark" />
90-->src\main\AndroidManifest.xml:87:17-59
91            <meta-data
91-->src\main\AndroidManifest.xml:89:13-91:61
92                android:name="android.support.customtabs.trusted.NAVIGATION_BAR_COLOR"
92-->src\main\AndroidManifest.xml:90:17-87
93                android:resource="@color/navigationColor" />
93-->src\main\AndroidManifest.xml:91:17-58
94            <meta-data
94-->src\main\AndroidManifest.xml:93:13-95:65
95                android:name="android.support.customtabs.trusted.NAVIGATION_BAR_COLOR_DARK"
95-->src\main\AndroidManifest.xml:94:17-92
96                android:resource="@color/navigationColorDark" />
96-->src\main\AndroidManifest.xml:95:17-62
97            <meta-data
97-->src\main\AndroidManifest.xml:97:13-99:68
98                android:name="androix.browser.trusted.NAVIGATION_BAR_DIVIDER_COLOR"
98-->src\main\AndroidManifest.xml:98:17-84
99                android:resource="@color/navigationDividerColor" />
99-->src\main\AndroidManifest.xml:99:17-65
100            <meta-data
100-->src\main\AndroidManifest.xml:101:13-103:72
101                android:name="androix.browser.trusted.NAVIGATION_BAR_DIVIDER_COLOR_DARK"
101-->src\main\AndroidManifest.xml:102:17-89
102                android:resource="@color/navigationDividerColorDark" />
102-->src\main\AndroidManifest.xml:103:17-69
103            <meta-data
103-->src\main\AndroidManifest.xml:105:13-106:54
104                android:name="android.support.customtabs.trusted.SPLASH_IMAGE_DRAWABLE"
104-->src\main\AndroidManifest.xml:105:24-95
105                android:resource="@drawable/splash" />
105-->src\main\AndroidManifest.xml:106:17-52
106            <meta-data
106-->src\main\AndroidManifest.xml:108:13-109:60
107                android:name="android.support.customtabs.trusted.SPLASH_SCREEN_BACKGROUND_COLOR"
107-->src\main\AndroidManifest.xml:108:24-104
108                android:resource="@color/backgroundColor" />
108-->src\main\AndroidManifest.xml:109:17-58
109            <meta-data
109-->src\main\AndroidManifest.xml:111:13-112:71
110                android:name="android.support.customtabs.trusted.SPLASH_SCREEN_FADE_OUT_DURATION"
110-->src\main\AndroidManifest.xml:111:24-105
111                android:value="@integer/splashScreenFadeOutDuration" />
111-->src\main\AndroidManifest.xml:112:17-69
112            <meta-data
112-->src\main\AndroidManifest.xml:114:13-115:60
113                android:name="android.support.customtabs.trusted.FILE_PROVIDER_AUTHORITY"
113-->src\main\AndroidManifest.xml:114:24-97
114                android:value="@string/providerAuthority" />
114-->src\main\AndroidManifest.xml:115:17-58
115            <meta-data
115-->src\main\AndroidManifest.xml:117:13-97
116                android:name="android.app.shortcuts"
116-->src\main\AndroidManifest.xml:117:24-60
117                android:resource="@xml/shortcuts" />
117-->src\main\AndroidManifest.xml:117:61-94
118            <meta-data
118-->src\main\AndroidManifest.xml:119:13-120:56
119                android:name="android.support.customtabs.trusted.FALLBACK_STRATEGY"
119-->src\main\AndroidManifest.xml:119:24-91
120                android:value="@string/fallbackType" />
120-->src\main\AndroidManifest.xml:120:17-53
121            <meta-data
121-->src\main\AndroidManifest.xml:126:13-127:54
122                android:name="android.support.customtabs.trusted.SCREEN_ORIENTATION"
122-->src\main\AndroidManifest.xml:126:24-92
123                android:value="@string/orientation" />
123-->src\main\AndroidManifest.xml:127:17-52
124
125            <intent-filter>
125-->src\main\AndroidManifest.xml:133:13-136:29
126                <action android:name="android.intent.action.MAIN" />
126-->src\main\AndroidManifest.xml:134:17-69
126-->src\main\AndroidManifest.xml:134:25-66
127
128                <category android:name="android.intent.category.LAUNCHER" />
128-->src\main\AndroidManifest.xml:135:17-77
128-->src\main\AndroidManifest.xml:135:27-74
129            </intent-filter>
130            <intent-filter android:autoVerify="true" >
130-->src\main\AndroidManifest.xml:138:13-146:29
130-->src\main\AndroidManifest.xml:138:28-53
131                <action android:name="android.intent.action.VIEW" />
131-->src\main\AndroidManifest.xml:139:17-68
131-->src\main\AndroidManifest.xml:139:25-66
132
133                <category android:name="android.intent.category.DEFAULT" />
133-->src\main\AndroidManifest.xml:140:17-76
133-->src\main\AndroidManifest.xml:140:27-73
134                <category android:name="android.intent.category.BROWSABLE" />
134-->src\main\AndroidManifest.xml:141:17-77
134-->src\main\AndroidManifest.xml:141:27-75
135
136                <data
136-->src\main\AndroidManifest.xml:142:17-145:19
137                    android:host="@string/hostName"
137-->src\main\AndroidManifest.xml:143:21-52
138                    android:scheme="https" />
138-->src\main\AndroidManifest.xml:142:23-45
139            </intent-filter>
140        </activity>
141        <activity android:name="com.google.androidbrowserhelper.trusted.FocusActivity" />
141-->src\main\AndroidManifest.xml:153:9-90
141-->src\main\AndroidManifest.xml:153:19-87
142        <activity
142-->src\main\AndroidManifest.xml:155:9-156:62
143            android:name="com.google.androidbrowserhelper.trusted.WebViewFallbackActivity"
143-->src\main\AndroidManifest.xml:155:19-97
144            android:configChanges="orientation|screenSize" />
144-->src\main\AndroidManifest.xml:156:13-59
145
146        <provider
146-->src\main\AndroidManifest.xml:158:9-166:20
147            android:name="androidx.core.content.FileProvider"
147-->src\main\AndroidManifest.xml:159:13-62
148            android:authorities="@string/providerAuthority"
148-->src\main\AndroidManifest.xml:160:13-60
149            android:exported="false"
149-->src\main\AndroidManifest.xml:162:13-37
150            android:grantUriPermissions="true" >
150-->src\main\AndroidManifest.xml:161:13-47
151            <meta-data
151-->src\main\AndroidManifest.xml:163:13-165:53
152                android:name="android.support.FILE_PROVIDER_PATHS"
152-->src\main\AndroidManifest.xml:164:17-67
153                android:resource="@xml/filepaths" />
153-->src\main\AndroidManifest.xml:165:17-50
154        </provider>
155
156        <service
156-->src\main\AndroidManifest.xml:168:9-183:19
157            android:name="com.informaticsetech.visitdesk.twa.DelegationService"
157-->src\main\AndroidManifest.xml:169:13-46
158            android:enabled="@bool/enableNotification"
158-->src\main\AndroidManifest.xml:170:13-55
159            android:exported="@bool/enableNotification" >
159-->src\main\AndroidManifest.xml:171:13-56
160            <meta-data
160-->src\main\AndroidManifest.xml:174:17-176:73
161                android:name="android.support.customtabs.trusted.SMALL_ICON"
161-->src\main\AndroidManifest.xml:175:21-81
162                android:resource="@drawable/ic_notification_icon" />
162-->src\main\AndroidManifest.xml:176:21-70
163
164            <intent-filter>
164-->src\main\AndroidManifest.xml:179:13-182:29
165                <action android:name="android.support.customtabs.trusted.TRUSTED_WEB_ACTIVITY_SERVICE" />
165-->src\main\AndroidManifest.xml:180:17-105
165-->src\main\AndroidManifest.xml:180:25-103
166
167                <category android:name="android.intent.category.DEFAULT" />
167-->src\main\AndroidManifest.xml:140:17-76
167-->src\main\AndroidManifest.xml:140:27-73
168            </intent-filter>
169        </service>
170
171        <activity android:name="com.google.androidbrowserhelper.trusted.NotificationPermissionRequestActivity" />
171-->src\main\AndroidManifest.xml:186:13-118
171-->src\main\AndroidManifest.xml:186:23-115
172
173        <provider
173-->[androidx.emoji2:emoji2:1.3.0] AndroidManifest.xml:24:9-32:20
174            android:name="androidx.startup.InitializationProvider"
174-->[androidx.emoji2:emoji2:1.3.0] AndroidManifest.xml:25:13-67
175            android:authorities="com.informaticsetech.visitdesk.twa.androidx-startup"
175-->[androidx.emoji2:emoji2:1.3.0] AndroidManifest.xml:26:13-68
176            android:exported="false" >
176-->[androidx.emoji2:emoji2:1.3.0] AndroidManifest.xml:27:13-37
177            <meta-data
177-->[androidx.emoji2:emoji2:1.3.0] AndroidManifest.xml:29:13-31:52
178                android:name="androidx.emoji2.text.EmojiCompatInitializer"
178-->[androidx.emoji2:emoji2:1.3.0] AndroidManifest.xml:30:17-75
179                android:value="androidx.startup" />
179-->[androidx.emoji2:emoji2:1.3.0] AndroidManifest.xml:31:17-49
180            <meta-data
180-->[androidx.lifecycle:lifecycle-process:2.6.2] AndroidManifest.xml:29:13-31:52
181                android:name="androidx.lifecycle.ProcessLifecycleInitializer"
181-->[androidx.lifecycle:lifecycle-process:2.6.2] AndroidManifest.xml:30:17-78
182                android:value="androidx.startup" />
182-->[androidx.lifecycle:lifecycle-process:2.6.2] AndroidManifest.xml:31:17-49
183            <meta-data
183-->[androidx.profileinstaller:profileinstaller:1.3.1] AndroidManifest.xml:29:13-31:52
184                android:name="androidx.profileinstaller.ProfileInstallerInitializer"
184-->[androidx.profileinstaller:profileinstaller:1.3.1] AndroidManifest.xml:30:17-85
185                android:value="androidx.startup" />
185-->[androidx.profileinstaller:profileinstaller:1.3.1] AndroidManifest.xml:31:17-49
186        </provider>
187
188        <receiver
188-->[androidx.profileinstaller:profileinstaller:1.3.1] AndroidManifest.xml:34:9-52:20
189            android:name="androidx.profileinstaller.ProfileInstallReceiver"
189-->[androidx.profileinstaller:profileinstaller:1.3.1] AndroidManifest.xml:35:13-76
190            android:directBootAware="false"
190-->[androidx.profileinstaller:profileinstaller:1.3.1] AndroidManifest.xml:36:13-44
191            android:enabled="true"
191-->[androidx.profileinstaller:profileinstaller:1.3.1] AndroidManifest.xml:37:13-35
192            android:exported="true"
192-->[androidx.profileinstaller:profileinstaller:1.3.1] AndroidManifest.xml:38:13-36
193            android:permission="android.permission.DUMP" >
193-->[androidx.profileinstaller:profileinstaller:1.3.1] AndroidManifest.xml:39:13-57
194            <intent-filter>
194-->[androidx.profileinstaller:profileinstaller:1.3.1] AndroidManifest.xml:40:13-42:29
195                <action android:name="androidx.profileinstaller.action.INSTALL_PROFILE" />
195-->[androidx.profileinstaller:profileinstaller:1.3.1] AndroidManifest.xml:41:17-91
195-->[androidx.profileinstaller:profileinstaller:1.3.1] AndroidManifest.xml:41:25-88
196            </intent-filter>
197            <intent-filter>
197-->[androidx.profileinstaller:profileinstaller:1.3.1] AndroidManifest.xml:43:13-45:29
198                <action android:name="androidx.profileinstaller.action.SKIP_FILE" />
198-->[androidx.profileinstaller:profileinstaller:1.3.1] AndroidManifest.xml:44:17-85
198-->[androidx.profileinstaller:profileinstaller:1.3.1] AndroidManifest.xml:44:25-82
199            </intent-filter>
200            <intent-filter>
200-->[androidx.profileinstaller:profileinstaller:1.3.1] AndroidManifest.xml:46:13-48:29
201                <action android:name="androidx.profileinstaller.action.SAVE_PROFILE" />
201-->[androidx.profileinstaller:profileinstaller:1.3.1] AndroidManifest.xml:47:17-88
201-->[androidx.profileinstaller:profileinstaller:1.3.1] AndroidManifest.xml:47:25-85
202            </intent-filter>
203            <intent-filter>
203-->[androidx.profileinstaller:profileinstaller:1.3.1] AndroidManifest.xml:49:13-51:29
204                <action android:name="androidx.profileinstaller.action.BENCHMARK_OPERATION" />
204-->[androidx.profileinstaller:profileinstaller:1.3.1] AndroidManifest.xml:50:17-95
204-->[androidx.profileinstaller:profileinstaller:1.3.1] AndroidManifest.xml:50:25-92
205            </intent-filter>
206        </receiver>
207    </application>
208
209</manifest>